2025-07-30 00:08:05 - BotManager - INFO - Starting Bot Manager initialization...
2025-07-30 00:08:05 - BotManager - ERROR - Failed to start Bot Manager: module 'config.settings' has no attribute 'TELEGRAM_TOKEN'
2025-07-30 00:08:05 - BotManager - INFO - Bot Manager shutdown
2025-07-30 00:09:15 - BotManager - INFO - Starting Bot Manager initialization...
2025-07-30 00:09:15 - BotManager - ERROR - Failed to start Bot Manager: module 'config.settings' has no attribute 'TELEGRAM_TOKEN'
2025-07-30 00:09:15 - BotManager - INFO - Bot Manager shutdown
2025-07-30 00:09:53 - BotManager - INFO - Starting Bot Manager initialization...
2025-07-30 00:09:53 - BotManager - ERROR - Failed to start Bot Manager: module 'config.settings' has no attribute 'TELEGRAM_TOKEN'
2025-07-30 00:09:53 - BotManager - INFO - Bot Manager shutdown
2025-07-30 00:13:32 - BotManager - INFO - Starting Bot Manager initialization...
2025-07-30 00:13:32 - BotManager - INFO - Bot Manager successfully initialized
2025-07-30 00:13:32 - BotManager - INFO - Starting polling...
2025-07-30 01:00:54 - BotManager - INFO - Starting Bot Manager initialization...
2025-07-30 01:00:54 - BotManager - INFO - Bot Manager successfully initialized
2025-07-30 01:00:54 - BotManager - INFO - Starting polling...
2025-07-30 01:01:12 - BotManager - INFO - Bot Manager shutdown
2025-07-30 01:02:16 - BotManager - INFO - Starting Bot Manager initialization...
2025-07-30 01:02:16 - BotManager - INFO - Bot Manager successfully initialized
2025-07-30 01:02:16 - BotManager - INFO - Starting polling...
2025-07-30 01:02:18 - BotManager - INFO - Bot Manager shutdown
